  test.cpp
D:\CODE\C++\HashTable\HashTable.h(307,30): error C3861: “V”: 找不到标识符
D:\CODE\C++\HashTable\HashTable.h(328,3): message : 查看对正在编译的 类 模板 实例化“buckethash::__HTiterator<K,T,hash,KeyOfT>”的引用
D:\CODE\C++\HashTable\HashTable.h(307,30): error C2065: “V”: 未声明的标识符
